<?xml version="1.0" encoding="utf-8"?><testsuites name="pytest tests"><testsuite name="pytest" errors="0" failures="0" skipped="0" tests="6" time="0.977" timestamp="2026-05-14T19:28:31.520359+00:00" hostname="agent-env-db59d77c-7edc-4d76-924a-d00d481ebc65"><testcase classname="backend.tests.test_portfolio_api" name="test_root_returns_200" time="0.340" /><testcase classname="backend.tests.test_portfolio_api" name="test_create_contact_valid_returns_201_and_persists" time="0.153" /><testcase classname="backend.tests.test_portfolio_api" name="test_contact_invalid_email_returns_422" time="0.070" /><testcase classname="backend.tests.test_portfolio_api" name="test_contact_empty_name_returns_422" time="0.067" /><testcase classname="backend.tests.test_portfolio_api" name="test_contact_empty_message_returns_422" time="0.078" /><testcase classname="backend.tests.test_portfolio_api" name="test_contact_missing_fields_returns_422" time="0.087" /></testsuite></testsuites>